# JRE version: OpenJDK Runtime Environment Temurin-21.0.8+9 (21.0.8+9) (build 21.0.8+9-LTS)
# Java VM: OpenJDK 64-Bit Server VM Temurin-21.0.8+9 (21.0.8+9-LTS, mixed mode, sharing, tiered, compressed oops, compressed class ptrs, parallel gc, windows-amd64)
GC Precious Log:
 CardTable entry size: 512
 CPUs: 8 total, 8 available
 Memory: 11972M
 Large Page Support: Disabled
 NUMA Support: Disabled
 Compressed Oops: Enabled (32-bit)
 Alignments: Space 512K, Generation 512K, Heap 2M
 Heap Min Capacity: 100M
 Heap Initial Capacity: 100M
 Heap Max Capacity: 2G
 Pre-touch: Disabled
 Parallel Workers: 8
Heap:
 PSYoungGen      total 12800K, used 0K [0x00000000d5580000, 0x00000000d6300000, 0x0000000100000000)
  eden space 12288K, 0% used [0x00000000d5580000,0x00000000d5580000,0x00000000d6180000)
  from space 512K, 0% used [0x00000000d6180000,0x00000000d6180000,0x00000000d6200000)
  to   space 512K, 0% used [0x00000000d6200000,0x00000000d6200000,0x00000000d6280000)
 ParOldGen       total 72192K, used 65797K [0x0000000080000000, 0x0000000084680000, 0x00000000d5580000)
  object space 72192K, 91% used [0x0000000080000000,0x00000000840416f0,0x0000000084680000)
 Metaspace       used 68994K, committed 70592K, reserved 1114112K
  class space    used 8612K, committed 9280K, reserved 1048576K
GC Heap History (20 events):
Event: 70.232 GC heap before
{Heap before GC invocations=86 (full 3):
 PSYoungGen      total 12800K, used 12512K [0x00000000d5580000, 0x00000000d6300000, 0x0000000100000000)
  eden space 12288K, 100% used [0x00000000d5580000,0x00000000d6180000,0x00000000d6180000)
  from space 512K, 43% used [0x00000000d6280000,0x00000000d62b8000,0x00000000d6300000)
  to   space 512K, 0% used [0x00000000d6200000,0x00000000d6200000,0x00000000d6280000)
 ParOldGen       total 68608K, used 61453K [0x0000000080000000, 0x0000000084300000, 0x00000000d5580000)
  object space 68608K, 89% used [0x0000000080000000,0x0000000083c037a8,0x0000000084300000)
 Metaspace       used 66939K, committed 68352K, reserved 1114112K
  class space    used 8403K, committed 9024K, reserved 1048576K
}
Event: 70.233 GC heap after
{Heap after GC invocations=86 (full 3):
 PSYoungGen      total 12800K, used 96K [0x00000000d5580000, 0x00000000d6300000, 0x0000000100000000)
  eden space 12288K, 0% used [0x00000000d5580000,0x00000000d5580000,0x00000000d6180000)
  from space 512K, 18% used [0x00000000d6200000,0x00000000d6218000,0x00000000d6280000)
  to   space 512K, 0% used [0x00000000d6280000,0x00000000d6280000,0x00000000d6300000)
 ParOldGen       total 68608K, used 61601K [0x0000000080000000, 0x0000000084300000, 0x00000000d5580000)
  object space 68608K, 89% used [0x0000000080000000,0x0000000083c287d8,0x0000000084300000)
 Metaspace       used 66939K, committed 68352K, reserved 1114112K
  class space    used 8403K, committed 9024K, reserved 1048576K
}
Event: 70.478 GC heap before
{Heap before GC invocations=87 (full 3):
 PSYoungGen      total 12800K, used 12384K [0x00000000d5580000, 0x00000000d6300000, 0x0000000100000000)
  eden space 12288K, 100% used [0x00000000d5580000,0x00000000d6180000,0x00000000d6180000)
  from space 512K, 18% used [0x00000000d6200000,0x00000000d6218000,0x00000000d6280000)
  to   space 512K, 0% used [0x00000000d6280000,0x00000000d6280000,0x00000000d6300000)
 ParOldGen       total 68608K, used 61601K [0x0000000080000000, 0x0000000084300000, 0x00000000d5580000)
  object space 68608K, 89% used [0x0000000080000000,0x0000000083c287d8,0x0000000084300000)
 Metaspace       used 66941K, committed 68352K, reserved 1114112K
  class space    used 8403K, committed 9024K, reserved 1048576K
}
Event: 70.479 GC heap after
{Heap after GC invocations=87 (full 3):
 PSYoungGen      total 12800K, used 160K [0x00000000d5580000, 0x00000000d6300000, 0x0000000100000000)
  eden space 12288K, 0% used [0x00000000d5580000,0x00000000d5580000,0x00000000d6180000)
  from space 512K, 31% used [0x00000000d6280000,0x00000000d62a8000,0x00000000d6300000)
  to   space 512K, 0% used [0x00000000d6200000,0x00000000d6200000,0x00000000d6280000)
 ParOldGen       total 68608K, used 61617K [0x0000000080000000, 0x0000000084300000, 0x00000000d5580000)
  object space 68608K, 89% used [0x0000000080000000,0x0000000083c2c7d8,0x0000000084300000)
 Metaspace       used 66941K, committed 68352K, reserved 1114112K
  class space    used 8403K, committed 9024K, reserved 1048576K
}
Event: 70.686 GC heap before
{Heap before GC invocations=88 (full 3):
 PSYoungGen      total 12800K, used 12448K [0x00000000d5580000, 0x00000000d6300000, 0x0000000100000000)
  eden space 12288K, 100% used [0x00000000d5580000,0x00000000d6180000,0x00000000d6180000)
  from space 512K, 31% used [0x00000000d6280000,0x00000000d62a8000,0x00000000d6300000)
  to   space 512K, 0% used [0x00000000d6200000,0x00000000d6200000,0x00000000d6280000)
 ParOldGen       total 68608K, used 61617K [0x0000000080000000, 0x0000000084300000, 0x00000000d5580000)
  object space 68608K, 89% used [0x0000000080000000,0x0000000083c2c7d8,0x0000000084300000)
 Metaspace       used 66941K, committed 68352K, reserved 1114112K
  class space    used 8403K, committed 9024K, reserved 1048576K
}
Event: 70.687 GC heap after
{Heap after GC invocations=88 (full 3):
 PSYoungGen      total 12800K, used 160K [0x00000000d5580000, 0x00000000d6300000, 0x0000000100000000)
  eden space 12288K, 0% used [0x00000000d5580000,0x00000000d5580000,0x00000000d6180000)
  from space 512K, 31% used [0x00000000d6200000,0x00000000d6228000,0x00000000d6280000)
  to   space 512K, 0% used [0x00000000d6280000,0x00000000d6280000,0x00000000d6300000)
 ParOldGen       total 68608K, used 61649K [0x0000000080000000, 0x0000000084300000, 0x00000000d5580000)
  object space 68608K, 89% used [0x0000000080000000,0x0000000083c347d8,0x0000000084300000)
 Metaspace       used 66941K, committed 68352K, reserved 1114112K
  class space    used 8403K, committed 9024K, reserved 1048576K
}
Event: 70.806 GC heap before
{Heap before GC invocations=89 (full 3):
 PSYoungGen      total 12800K, used 12448K [0x00000000d5580000, 0x00000000d6300000, 0x0000000100000000)
  eden space 12288K, 100% used [0x00000000d5580000,0x00000000d6180000,0x00000000d6180000)
  from space 512K, 31% used [0x00000000d6200000,0x00000000d6228000,0x00000000d6280000)
  to   space 512K, 0% used [0x00000000d6280000,0x00000000d6280000,0x00000000d6300000)
 ParOldGen       total 68608K, used 61649K [0x0000000080000000, 0x0000000084300000, 0x00000000d5580000)
  object space 68608K, 89% used [0x0000000080000000,0x0000000083c347d8,0x0000000084300000)
 Metaspace       used 66941K, committed 68352K, reserved 1114112K
  class space    used 8403K, committed 9024K, reserved 1048576K
}
Event: 70.807 GC heap after
{Heap after GC invocations=89 (full 3):
 PSYoungGen      total 12800K, used 128K [0x00000000d5580000, 0x00000000d6300000, 0x0000000100000000)
  eden space 12288K, 0% used [0x00000000d5580000,0x00000000d5580000,0x00000000d6180000)
  from space 512K, 25% used [0x00000000d6280000,0x00000000d62a0000,0x00000000d6300000)
  to   space 512K, 0% used [0x00000000d6200000,0x00000000d6200000,0x00000000d6280000)
 ParOldGen       total 68608K, used 61649K [0x0000000080000000, 0x0000000084300000, 0x00000000d5580000)
  object space 68608K, 89% used [0x0000000080000000,0x0000000083c347d8,0x0000000084300000)
 Metaspace       used 66941K, committed 68352K, reserved 1114112K
  class space    used 8403K, committed 9024K, reserved 1048576K
}
Event: 71.027 GC heap before
{Heap before GC invocations=90 (full 3):
 PSYoungGen      total 12800K, used 12416K [0x00000000d5580000, 0x00000000d6300000, 0x0000000100000000)
  eden space 12288K, 100% used [0x00000000d5580000,0x00000000d6180000,0x00000000d6180000)
  from space 512K, 25% used [0x00000000d6280000,0x00000000d62a0000,0x00000000d6300000)
  to   space 512K, 0% used [0x00000000d6200000,0x00000000d6200000,0x00000000d6280000)
 ParOldGen       total 68608K, used 61649K [0x0000000080000000, 0x0000000084300000, 0x00000000d5580000)
  object space 68608K, 89% used [0x0000000080000000,0x0000000083c347d8,0x0000000084300000)
 Metaspace       used 66984K, committed 68416K, reserved 1114112K
  class space    used 8412K, committed 9024K, reserved 1048576K
}
Event: 71.028 GC heap after
{Heap after GC invocations=90 (full 3):
 PSYoungGen      total 12800K, used 352K [0x00000000d5580000, 0x00000000d6300000, 0x0000000100000000)
  eden space 12288K, 0% used [0x00000000d5580000,0x00000000d5580000,0x00000000d6180000)
  from space 512K, 68% used [0x00000000d6200000,0x00000000d6258010,0x00000000d6280000)
  to   space 512K, 0% used [0x00000000d6280000,0x00000000d6280000,0x00000000d6300000)
 ParOldGen       total 68608K, used 61673K [0x0000000080000000, 0x0000000084300000, 0x00000000d5580000)
  object space 68608K, 89% used [0x0000000080000000,0x0000000083c3a7d8,0x0000000084300000)
 Metaspace       used 66984K, committed 68416K, reserved 1114112K
  class space    used 8412K, committed 9024K, reserved 1048576K
}
Event: 71.345 GC heap before
{Heap before GC invocations=91 (full 3):
 PSYoungGen      total 12800K, used 12640K [0x00000000d5580000, 0x00000000d6300000, 0x0000000100000000)
  eden space 12288K, 100% used [0x00000000d5580000,0x00000000d6180000,0x00000000d6180000)
  from space 512K, 68% used [0x00000000d6200000,0x00000000d6258010,0x00000000d6280000)
  to   space 512K, 0% used [0x00000000d6280000,0x00000000d6280000,0x00000000d6300000)
 ParOldGen       total 68608K, used 61673K [0x0000000080000000, 0x0000000084300000, 0x00000000d5580000)
  object space 68608K, 89% used [0x0000000080000000,0x0000000083c3a7d8,0x0000000084300000)
 Metaspace       used 67743K, committed 69248K, reserved 1114112K
  class space    used 8493K, committed 9152K, reserved 1048576K
}
Event: 71.348 GC heap after
{Heap after GC invocations=91 (full 3):
 PSYoungGen      total 12288K, used 497K [0x00000000d5580000, 0x00000000d6480000, 0x0000000100000000)
  eden space 11776K, 0% used [0x00000000d5580000,0x00000000d5580000,0x00000000d6100000)
  from space 512K, 97% used [0x00000000d6280000,0x00000000d62fc618,0x00000000d6300000)
  to   space 1536K, 0% used [0x00000000d6100000,0x00000000d6100000,0x00000000d6280000)
 ParOldGen       total 68608K, used 62497K [0x0000000080000000, 0x0000000084300000, 0x00000000d5580000)
  object space 68608K, 91% used [0x0000000080000000,0x0000000083d087e8,0x0000000084300000)
 Metaspace       used 67743K, committed 69248K, reserved 1114112K
  class space    used 8493K, committed 9152K, reserved 1048576K
}
Event: 71.521 GC heap before
{Heap before GC invocations=92 (full 3):
 PSYoungGen      total 12288K, used 12191K [0x00000000d5580000, 0x00000000d6480000, 0x0000000100000000)
  eden space 11776K, 99% used [0x00000000d5580000,0x00000000d60eb630,0x00000000d6100000)
  from space 512K, 97% used [0x00000000d6280000,0x00000000d62fc618,0x00000000d6300000)
  to   space 1536K, 0% used [0x00000000d6100000,0x00000000d6100000,0x00000000d6280000)
 ParOldGen       total 68608K, used 62497K [0x0000000080000000, 0x0000000084300000, 0x00000000d5580000)
  object space 68608K, 91% used [0x0000000080000000,0x0000000083d087e8,0x0000000084300000)
 Metaspace       used 68785K, committed 70336K, reserved 1114112K
  class space    used 8592K, committed 9216K, reserved 1048576K
}
Event: 71.525 GC heap after
{Heap after GC invocations=92 (full 3):
 PSYoungGen      total 12800K, used 720K [0x00000000d5580000, 0x00000000d6300000, 0x0000000100000000)
  eden space 11776K, 0% used [0x00000000d5580000,0x00000000d5580000,0x00000000d6100000)
  from space 1024K, 70% used [0x00000000d6100000,0x00000000d61b4070,0x00000000d6200000)
  to   space 1024K, 0% used [0x00000000d6200000,0x00000000d6200000,0x00000000d6300000)
 ParOldGen       total 68608K, used 65596K [0x0000000080000000, 0x0000000084300000, 0x00000000d5580000)
  object space 68608K, 95% used [0x0000000080000000,0x000000008400f280,0x0000000084300000)
 Metaspace       used 68785K, committed 70336K, reserved 1114112K
  class space    used 8592K, committed 9216K, reserved 1048576K
}
Event: 71.582 GC heap before
{Heap before GC invocations=93 (full 3):
 PSYoungGen      total 12800K, used 11079K [0x00000000d5580000, 0x00000000d6300000, 0x0000000100000000)
  eden space 11776K, 87% used [0x00000000d5580000,0x00000000d5f9dcc8,0x00000000d6100000)
  from space 1024K, 70% used [0x00000000d6100000,0x00000000d61b4070,0x00000000d6200000)
  to   space 1024K, 0% used [0x00000000d6200000,0x00000000d6200000,0x00000000d6300000)
 ParOldGen       total 68608K, used 65596K [0x0000000080000000, 0x0000000084300000, 0x00000000d5580000)
  object space 68608K, 95% used [0x0000000080000000,0x000000008400f280,0x0000000084300000)
 Metaspace       used 68965K, committed 70528K, reserved 1114112K
  class space    used 8607K, committed 9280K, reserved 1048576K
}
Event: 71.585 GC heap after
{Heap after GC invocations=93 (full 3):
 PSYoungGen      total 12288K, used 320K [0x00000000d5580000, 0x00000000d6280000, 0x0000000100000000)
  eden space 11776K, 0% used [0x00000000d5580000,0x00000000d5580000,0x00000000d6100000)
  from space 512K, 62% used [0x00000000d6200000,0x00000000d6250020,0x00000000d6280000)
  to   space 512K, 0% used [0x00000000d6180000,0x00000000d6180000,0x00000000d6200000)
 ParOldGen       total 72192K, used 71388K [0x0000000080000000, 0x0000000084680000, 0x00000000d5580000)
  object space 72192K, 98% used [0x0000000080000000,0x00000000845b72c0,0x0000000084680000)
 Metaspace       used 68965K, committed 70528K, reserved 1114112K
  class space    used 8607K, committed 9280K, reserved 1048576K
}
Event: 71.598 GC heap before
{Heap before GC invocations=94 (full 3):
 PSYoungGen      total 12288K, used 12096K [0x00000000d5580000, 0x00000000d6280000, 0x0000000100000000)
  eden space 11776K, 100% used [0x00000000d5580000,0x00000000d6100000,0x00000000d6100000)
  from space 512K, 62% used [0x00000000d6200000,0x00000000d6250020,0x00000000d6280000)
  to   space 512K, 0% used [0x00000000d6180000,0x00000000d6180000,0x00000000d6200000)
 ParOldGen       total 72192K, used 71388K [0x0000000080000000, 0x0000000084680000, 0x00000000d5580000)
  object space 72192K, 98% used [0x0000000080000000,0x00000000845b72c0,0x0000000084680000)
 Metaspace       used 68973K, committed 70528K, reserved 1114112K
  class space    used 8608K, committed 9280K, reserved 1048576K
}
Event: 71.599 GC heap after
{Heap after GC invocations=94 (full 3):
 PSYoungGen      total 12288K, used 12096K [0x00000000d5580000, 0x00000000d6280000, 0x0000000100000000)
  eden space 11776K, 100% used [0x00000000d5580000,0x00000000d6100000,0x00000000d6100000)
  from space 512K, 62% used [0x00000000d6200000,0x00000000d6250020,0x00000000d6280000)
  to   space 512K, 43% used [0x00000000d6180000,0x00000000d61b8000,0x00000000d6200000)
 ParOldGen       total 72192K, used 71556K [0x0000000080000000, 0x0000000084680000, 0x00000000d5580000)
  object space 72192K, 99% used [0x0000000080000000,0x00000000845e12e0,0x0000000084680000)
 Metaspace       used 68973K, committed 70528K, reserved 1114112K
  class space    used 8608K, committed 9280K, reserved 1048576K
}
Event: 71.599 GC heap before
{Heap before GC invocations=95 (full 4):
 PSYoungGen      total 12288K, used 12096K [0x00000000d5580000, 0x00000000d6280000, 0x0000000100000000)
  eden space 11776K, 100% used [0x00000000d5580000,0x00000000d6100000,0x00000000d6100000)
  from space 512K, 62% used [0x00000000d6200000,0x00000000d6250020,0x00000000d6280000)
  to   space 512K, 43% used [0x00000000d6180000,0x00000000d61b8000,0x00000000d6200000)
 ParOldGen       total 72192K, used 71556K [0x0000000080000000, 0x0000000084680000, 0x00000000d5580000)
  object space 72192K, 99% used [0x0000000080000000,0x00000000845e12e0,0x0000000084680000)
 Metaspace       used 68973K, committed 70528K, reserved 1114112K
  class space    used 8608K, committed 9280K, reserved 1048576K
}
Event: 71.669 GC heap after
{Heap after GC invocations=95 (full 4):
 PSYoungGen      total 12288K, used 0K [0x00000000d5580000, 0x00000000d6280000, 0x0000000100000000)
  eden space 11776K, 0% used [0x00000000d5580000,0x00000000d5580000,0x00000000d6100000)
  from space 512K, 0% used [0x00000000d6180000,0x00000000d6180000,0x00000000d6200000)
  to   space 512K, 0% used [0x00000000d6200000,0x00000000d6200000,0x00000000d6280000)
 ParOldGen       total 72192K, used 66176K [0x0000000080000000, 0x0000000084680000, 0x00000000d5580000)
  object space 72192K, 91% used [0x0000000080000000,0x00000000840a0100,0x0000000084680000)
 Metaspace       used 68973K, committed 70528K, reserved 1114112K
  class space    used 8608K, committed 9280K, reserved 1048576K
}

